<?xml version="1.0" encoding="UTF-8"?>
<!-- Generated by org.testng.reporters.JUnitReportReporter -->
<testsuite skipped="0" hostname="MIT-FJHR-L" name="com.maven.SwiggyAutomation.ExecutionClass" tests="1" failures="0" timestamp="12 May 2021 16:14:09 GMT" time="57.036" errors="0">
  <testcase name="verify_VerifyHomePageOfSwiggy" time="57.036" classname="com.maven.SwiggyAutomation.ExecutionClass"/>
</testsuite> <!-- com.maven.SwiggyAutomation.ExecutionClass -->
